<?xml version="1.0" encoding="UTF-8"?>
<robot generator="Robot 6.1.1 (Python 3.11.3 on win32)" generated="20231017 13:23:55.525" rpa="false" schemaversion="4">
<suite id="s1" name="SG Login sikuli" source="C:\Users\david.nowak\VSCode Projects\RobotFramework_POC\test\SG_Login_sikuli.robot">
<kw name="Run Keywords" library="BuiltIn" type="SETUP">
<arg>Start Sikuli Process</arg>
<arg>AND</arg>
<arg>Initialize All Images</arg>
<doc>Executes all the given keywords in a sequence.</doc>
<kw name="Start Sikuli Process" library="SikuliLibrary">
<msg timestamp="20231017 13:24:00.535" level="INFO">Starting process:
java -jar C:\Users\david.nowak\AppData\Local\Programs\Python\Python311\Lib\site-packages\SikuliLibrary\lib\SikuliLibrary.jar 65205 "C:\Users\david.nowak\VSCode Projects\RobotFramework_POC"</msg>
<msg timestamp="20231017 13:24:00.540" level="INFO">Start sikuli java process on port 65205</msg>
<msg timestamp="20231017 13:24:02.285" level="INFO">Sikuli java process is started</msg>
<status status="PASS" starttime="20231017 13:24:00.532" endtime="20231017 13:24:04.920"/>
</kw>
<kw name="Initialize All Images">
<kw name="Add Image Path" library="SikuliLibrary">
<arg>C:\\Users\\david.nowak\\VSCode Projects\\RobotFramework_POC\\test${/}Sikuli_Images_SG</arg>
<doc>Add image path</doc>
<status status="PASS" starttime="20231017 13:24:04.921" endtime="20231017 13:24:04.973"/>
</kw>
<status status="PASS" starttime="20231017 13:24:04.920" endtime="20231017 13:24:04.973"/>
</kw>
<status status="PASS" starttime="20231017 13:24:00.532" endtime="20231017 13:24:04.974"/>
</kw>
<test id="s1-t1" name="TestSikuli" line="33">
<kw name="Open Browser" library="SeleniumLibrary" type="SETUP">
<arg>${URL}</arg>
<arg>${BROWSER}</arg>
<doc>Opens a new browser instance to the optional ``url``.</doc>
<msg timestamp="20231017 13:24:04.978" level="INFO">Opening browser 'chrome' to base url 'https://particuliers.sg.fr/'.</msg>
<status status="PASS" starttime="20231017 13:24:04.976" endtime="20231017 13:24:08.570"/>
</kw>
<kw name="Check Acceptations">
<kw name="Maximize Browser Window" library="SeleniumLibrary">
<doc>Maximizes current browser window.</doc>
<status status="PASS" starttime="20231017 13:24:08.575" endtime="20231017 13:24:08.914"/>
</kw>
<kw name="Scroll Element Into View" library="SeleniumLibrary">
<arg>//button[@id="popin_tc_privacy_button_3"]</arg>
<doc>Scrolls the element identified by ``locator`` into view.</doc>
<status status="PASS" starttime="20231017 13:24:08.915" endtime="20231017 13:24:09.297"/>
</kw>
<kw name="Click Element" library="SeleniumLibrary">
<arg>//button[@id="popin_tc_privacy_button_3"]</arg>
<doc>Click the element identified by ``locator``.</doc>
<msg timestamp="20231017 13:24:09.299" level="INFO">Clicking element '//button[@id="popin_tc_privacy_button_3"]'.</msg>
<status status="PASS" starttime="20231017 13:24:09.298" endtime="20231017 13:24:09.487"/>
</kw>
<status status="PASS" starttime="20231017 13:24:08.573" endtime="20231017 13:24:09.487"/>
</kw>
<kw name="Go To Personal Space">
<kw name="Exists" library="SikuliLibrary">
<arg>${PERSONAL_SPACE_IMAGE}</arg>
<doc>Exists</doc>
<status status="PASS" starttime="20231017 13:24:09.490" endtime="20231017 13:24:10.870"/>
</kw>
<kw name="Click" library="SikuliLibrary">
<arg>${PERSONAL_SPACE_IMAGE}</arg>
<doc>Click</doc>
<msg timestamp="20231017 13:24:12.034" level="INFO" html="true">&lt;img src='sikuli_captured/sikuliximage-1697541851174.png'/&gt;
[log] CLICK on L[1166,190]@S(0) (611 msec)</msg>
<status status="PASS" starttime="20231017 13:24:10.870" endtime="20231017 13:24:12.035"/>
</kw>
<status status="PASS" starttime="20231017 13:24:09.490" endtime="20231017 13:24:12.035"/>
</kw>
<kw name="Enter Customer ID And Validate">
<kw name="Input Text" library="SeleniumLibrary">
<arg>//input[@id="user_id"]</arg>
<arg>24386668</arg>
<doc>Types the given ``text`` into the text field identified by ``locator``.</doc>
<msg timestamp="20231017 13:24:12.039" level="INFO">Typing text '24386668' into text field '//input[@id="user_id"]'.</msg>
<status status="PASS" starttime="20231017 13:24:12.038" endtime="20231017 13:24:13.312"/>
</kw>
<kw name="Exists" library="SikuliLibrary">
<arg>${VALIDATE_IMAGE}</arg>
<doc>Exists</doc>
<status status="PASS" starttime="20231017 13:24:13.312" endtime="20231017 13:24:13.553"/>
</kw>
<kw name="Click" library="SikuliLibrary">
<arg>${VALIDATE_IMAGE}</arg>
<doc>Click</doc>
<msg timestamp="20231017 13:24:14.580" level="INFO" html="true">&lt;img src='sikuli_captured/sikuliximage-1697541853791.png'/&gt;
[log] CLICK on L[297,490]@S(0) (584 msec)</msg>
<status status="PASS" starttime="20231017 13:24:13.553" endtime="20231017 13:24:14.581"/>
</kw>
<status status="PASS" starttime="20231017 13:24:12.037" endtime="20231017 13:24:14.581"/>
</kw>
<kw name="Input Secret Code">
<kw name="Sleep" library="BuiltIn">
<arg>2 seconds</arg>
<doc>Pauses the test executed for the given time.</doc>
<msg timestamp="20231017 13:24:16.584" level="INFO">Slept 2 seconds</msg>
<status status="PASS" starttime="20231017 13:24:14.582" endtime="20231017 13:24:16.584"/>
</kw>
<kw name="Click" library="SikuliLibrary">
<arg>${1_IMAGE}</arg>
<doc>Click</doc>
<msg timestamp="20231017 13:24:17.529" level="INFO" html="true">&lt;img src='sikuli_captured/sikuliximage-1697541856798.png'/&gt;
[log] CLICK on L[206,509]@S(0) (554 msec)</msg>
<status status="PASS" starttime="20231017 13:24:16.584" endtime="20231017 13:24:17.529"/>
</kw>
<kw name="Click" library="SikuliLibrary">
<arg>${2_IMAGE}</arg>
<doc>Click</doc>
<msg timestamp="20231017 13:24:18.459" level="INFO" html="true">&lt;img src='sikuli_captured/sikuliximage-1697541857720.png'/&gt;
[log] CLICK on L[386,509]@S(0) (577 msec)</msg>
<status status="PASS" starttime="20231017 13:24:17.529" endtime="20231017 13:24:18.459"/>
</kw>
<kw name="Click" library="SikuliLibrary">
<arg>${3_IMAGE}</arg>
<doc>Click</doc>
<msg timestamp="20231017 13:24:19.397" level="INFO" html="true">&lt;img src='sikuli_captured/sikuliximage-1697541858646.png'/&gt;
[log] CLICK on L[207,391]@S(0) (555 msec)</msg>
<status status="PASS" starttime="20231017 13:24:18.460" endtime="20231017 13:24:19.397"/>
</kw>
<kw name="Click" library="SikuliLibrary">
<arg>${4_IMAGE}</arg>
<doc>Click</doc>
<msg timestamp="20231017 13:24:20.357" level="INFO" html="true">&lt;img src='sikuli_captured/sikuliximage-1697541859624.png'/&gt;
[log] CLICK on L[266,570]@S(0) (554 msec)</msg>
<status status="PASS" starttime="20231017 13:24:19.397" endtime="20231017 13:24:20.358"/>
</kw>
<kw name="Click" library="SikuliLibrary">
<arg>${5_IMAGE}</arg>
<doc>Click</doc>
<msg timestamp="20231017 13:24:21.307" level="INFO" html="true">&lt;img src='sikuli_captured/sikuliximage-1697541860556.png'/&gt;
[log] CLICK on L[386,451]@S(0) (560 msec)</msg>
<status status="PASS" starttime="20231017 13:24:20.358" endtime="20231017 13:24:21.307"/>
</kw>
<kw name="Click" library="SikuliLibrary">
<arg>${6_IMAGE}</arg>
<doc>Click</doc>
<msg timestamp="20231017 13:24:22.274" level="INFO" html="true">&lt;img src='sikuli_captured/sikuliximage-1697541861526.png'/&gt;
[log] CLICK on L[266,391]@S(0) (566 msec)</msg>
<status status="PASS" starttime="20231017 13:24:21.307" endtime="20231017 13:24:22.274"/>
</kw>
<status status="PASS" starttime="20231017 13:24:14.582" endtime="20231017 13:24:22.274"/>
</kw>
<kw name="Close Browser" library="SeleniumLibrary" type="TEARDOWN">
<doc>Closes the current browser.</doc>
<status status="PASS" starttime="20231017 13:24:22.276" endtime="20231017 13:24:24.691"/>
</kw>
<status status="PASS" starttime="20231017 13:24:04.974" endtime="20231017 13:24:24.692"/>
</test>
<kw name="Stop Remote Server" library="SikuliLibrary" type="TEARDOWN">
<doc>Stops the remote server.</doc>
<msg timestamp="20231017 13:24:24.698" level="INFO">Robot Framework remote server stopping</msg>
<status status="PASS" starttime="20231017 13:24:24.694" endtime="20231017 13:24:24.698"/>
</kw>
<doc>Sikuli With Robot RobotFramework    http://rainmanwy.github.io/robotframework-SikuliLibrary/doc/SikuliLibrary.html</doc>
<status status="PASS" starttime="20231017 13:23:55.527" endtime="20231017 13:24:24.698"/>
</suite>
<statistics>
<total>
<stat pass="1" fail="0" skip="0">All Tests</stat>
</total>
<tag>
</tag>
<suite>
<stat pass="1" fail="0" skip="0" id="s1" name="SG Login sikuli">SG Login sikuli</stat>
</suite>
</statistics>
<errors>
</errors>
</robot>
