<?xml version="1.0" encoding="UTF-8"?>
<robot generator="Robot 6.1.1 (Python 3.11.3 on win32)" generated="20231024 10:20:22.335" rpa="false" schemaversion="4">
<suite id="s1" name="Tags" source="C:\Users\david.nowak\VSCode Projects\RobotFramework_POC\test\Tags.robot">
<test id="s1-t1" name="Login With Valid Credentials And Logout" line="24">
<kw name="Run Keywords" library="BuiltIn" type="SETUP">
<arg>Login With Valid Credentials</arg>
<arg>Click On Login Button</arg>
<doc>Executes all the given keywords in a sequence.</doc>
<kw name="Login With Valid Credentials">
<kw name="Open Browser" library="SeleniumLibrary">
<arg>${URL}</arg>
<arg>chrome</arg>
<doc>Opens a new browser instance to the optional ``url``.</doc>
<msg timestamp="20231024 10:20:22.545" level="INFO">Opening browser 'chrome' to base url 'https://www.saucedemo.com/'.</msg>
<status status="PASS" starttime="20231024 10:20:22.545" endtime="20231024 10:20:24.435"/>
</kw>
<kw name="Wait Until Element Is Visible" library="SeleniumLibrary">
<arg>name:user-name</arg>
<doc>Waits until the element ``locator`` is visible.</doc>
<status status="PASS" starttime="20231024 10:20:24.435" endtime="20231024 10:20:24.495"/>
</kw>
<kw name="Input Text" library="SeleniumLibrary">
<arg>//input[@name="user-name"]</arg>
<arg>${CREDENTIALS}[0]</arg>
<doc>Types the given ``text`` into the text field identified by ``locator``.</doc>
<msg timestamp="20231024 10:20:24.495" level="INFO">Typing text 'standard_user' into text field '//input[@name="user-name"]'.</msg>
<status status="PASS" starttime="20231024 10:20:24.495" endtime="20231024 10:20:24.670"/>
</kw>
<kw name="Input Text" library="SeleniumLibrary">
<arg>//input[@name="password"]</arg>
<arg>${LOGINDATA}[password]</arg>
<doc>Types the given ``text`` into the text field identified by ``locator``.</doc>
<msg timestamp="20231024 10:20:24.671" level="INFO">Typing text 'secret_sauce' into text field '//input[@name="password"]'.</msg>
<status status="PASS" starttime="20231024 10:20:24.670" endtime="20231024 10:20:24.772"/>
</kw>
<status status="PASS" starttime="20231024 10:20:22.545" endtime="20231024 10:20:24.772"/>
</kw>
<kw name="Click On Login Button">
<kw name="Click Element" library="SeleniumLibrary">
<arg>//input[@name="login-button"]</arg>
<doc>Click the element identified by ``locator``.</doc>
<msg timestamp="20231024 10:20:24.775" level="INFO">Clicking element '//input[@name="login-button"]'.</msg>
<status status="PASS" starttime="20231024 10:20:24.772" endtime="20231024 10:20:24.882"/>
</kw>
<status status="PASS" starttime="20231024 10:20:24.772" endtime="20231024 10:20:24.882"/>
</kw>
<status status="PASS" starttime="20231024 10:20:22.545" endtime="20231024 10:20:24.882"/>
</kw>
<kw name="Click Element" library="SeleniumLibrary">
<arg>//button[@id="react-burger-menu-btn"]</arg>
<doc>Click the element identified by ``locator``.</doc>
<msg timestamp="20231024 10:20:24.883" level="INFO">Clicking element '//button[@id="react-burger-menu-btn"]'.</msg>
<status status="PASS" starttime="20231024 10:20:24.883" endtime="20231024 10:20:24.953"/>
</kw>
<kw name="Wait Until Element Is Visible" library="SeleniumLibrary">
<arg>//*[@id="logout_sidebar_link"]</arg>
<doc>Waits until the element ``locator`` is visible.</doc>
<status status="PASS" starttime="20231024 10:20:24.953" endtime="20231024 10:20:25.245"/>
</kw>
<kw name="Click Element" library="SeleniumLibrary">
<arg>//*[@id="logout_sidebar_link"]</arg>
<doc>Click the element identified by ``locator``.</doc>
<msg timestamp="20231024 10:20:25.251" level="INFO">Clicking element '//*[@id="logout_sidebar_link"]'.</msg>
<status status="PASS" starttime="20231024 10:20:25.245" endtime="20231024 10:20:25.333"/>
</kw>
<tag>sanity</tag>
<status status="PASS" starttime="20231024 10:20:22.545" endtime="20231024 10:20:25.335"/>
</test>
<kw name="Close Browser" library="SeleniumLibrary" type="TEARDOWN">
<doc>Closes the current browser.</doc>
<status status="PASS" starttime="20231024 10:20:25.338" endtime="20231024 10:20:27.635"/>
</kw>
<status status="PASS" starttime="20231024 10:20:22.345" endtime="20231024 10:20:27.635"/>
</suite>
<statistics>
<total>
<stat pass="1" fail="0" skip="0">All Tests</stat>
</total>
<tag>
<stat pass="1" fail="0" skip="0">sanity</stat>
</tag>
<suite>
<stat pass="1" fail="0" skip="0" id="s1" name="Tags">Tags</stat>
</suite>
</statistics>
<errors>
</errors>
</robot>
